c:\users\gavin_000\desktop\c++\newc++\horse\horse\horse\debug\horse.obj
c:\users\gavin_000\desktop\c++\newc++\horse\horse\horse\debug\race.obj
c:\users\gavin_000\desktop\c++\newc++\horse\horse\horse\debug\vc100.pdb
c:\users\gavin_000\desktop\porfolio\c++\horse\horse\debug\horse.obj
c:\users\gavin_000\desktop\porfolio\c++\horse\horse\debug\main.obj
c:\users\gavin_000\desktop\porfolio\c++\horse\horse\debug\race.obj
c:\users\gavin_000\desktop\porfolio\c++\horse\horse\debug\tinystr.obj
c:\users\gavin_000\desktop\porfolio\c++\horse\horse\debug\tinyxml.obj
c:\users\gavin_000\desktop\porfolio\c++\horse\horse\debug\tinyxmlerror.obj
c:\users\gavin_000\desktop\porfolio\c++\horse\horse\debug\tinyxmlparser.obj
c:\users\gavin_000\desktop\porfolio\c++\horse\horse\debug\vc100.pdb
c:\users\gavin_000\desktop\portfolio\c++\horse\horse\debug\horse.obj
c:\users\gavin_000\desktop\portfolio\c++\horse\horse\debug\main.obj
c:\users\gavin_000\desktop\portfolio\c++\horse\horse\debug\race.obj
c:\users\gavin_000\desktop\portfolio\c++\horse\horse\debug\tinystr.obj
c:\users\gavin_000\desktop\portfolio\c++\horse\horse\debug\tinyxml.obj
c:\users\gavin_000\desktop\portfolio\c++\horse\horse\debug\tinyxmlerror.obj
c:\users\gavin_000\desktop\portfolio\c++\horse\horse\debug\tinyxmlparser.obj
c:\users\gavin_000\desktop\portfolio\c++\horse\horse\debug\vc100.pdb
c:\users\gavin_000\desktop\porfolio\c++\horse\debug\horse.ilk
c:\users\gavin_000\desktop\porfolio\c++\horse\debug\horse.exe
c:\users\gavin_000\desktop\porfolio\c++\horse\horse\debug\horse.exe.intermediate.manifest
c:\users\gavin_000\desktop\porfolio\c++\horse\debug\horse.pdb
c:\users\gavin_000\desktop\portfolio\c++\horse\debug\horse.ilk
c:\users\gavin_000\desktop\portfolio\c++\horse\debug\horse.exe
c:\users\gavin_000\desktop\portfolio\c++\horse\horse\debug\horse.exe.intermediate.manifest
c:\users\gavin_000\desktop\portfolio\c++\horse\debug\horse.pdb
c:\users\gavin_000\desktop\porfolio\c++\horse\horse\debug\horse.exe.embed.manifest
c:\users\gavin_000\desktop\porfolio\c++\horse\horse\debug\horse.exe.embed.manifest.res
c:\users\gavin_000\desktop\portfolio\c++\horse\horse\debug\horse.exe.embed.manifest.res
c:\users\gavin.gaughran.ext\desktop\personal\portfolio\c++\horse\horse\debug\vc140.pdb
c:\users\gavin.gaughran.ext\desktop\personal\portfolio\c++\horse\horse\debug\vc140.idb
c:\users\gavin.gaughran.ext\desktop\personal\portfolio\c++\horse\horse\debug\horse.obj
c:\users\gavin.gaughran.ext\desktop\personal\portfolio\c++\horse\horse\debug\main.obj
c:\users\gavin.gaughran.ext\desktop\personal\portfolio\c++\horse\horse\debug\race.obj
c:\users\gavin.gaughran.ext\desktop\personal\portfolio\c++\horse\horse\debug\tinystr.obj
c:\users\gavin.gaughran.ext\desktop\personal\portfolio\c++\horse\horse\debug\tinyxml.obj
c:\users\gavin.gaughran.ext\desktop\personal\portfolio\c++\horse\horse\debug\tinyxmlerror.obj
c:\users\gavin.gaughran.ext\desktop\personal\portfolio\c++\horse\horse\debug\tinyxmlparser.obj
c:\users\gavin.gaughran.ext\desktop\personal\portfolio\c++\horse\horse\debug\horse.vcxprojresolveassemblyreference.cache
c:\users\gavin.gaughran.ext\desktop\personal\portfolio\c++\horse\horse\debug\cl.command.1.tlog
c:\users\gavin.gaughran.ext\desktop\personal\portfolio\c++\horse\horse\debug\cl.read.1.tlog
c:\users\gavin.gaughran.ext\desktop\personal\portfolio\c++\horse\horse\debug\cl.write.1.tlog
c:\users\gavin.gaughran.ext\desktop\personal\portfolio\c++\horse\horse\debug\horse.write.1.tlog
c:\users\gavin.gaughran.ext\desktop\personal\portfolio\c++\horse\horse\debug\link-cvtres.read.1.tlog
c:\users\gavin.gaughran.ext\desktop\personal\portfolio\c++\horse\horse\debug\link-cvtres.write.1.tlog
c:\users\gavin.gaughran.ext\desktop\personal\portfolio\c++\horse\horse\debug\link.5648-cvtres.read.1.tlog
c:\users\gavin.gaughran.ext\desktop\personal\portfolio\c++\horse\horse\debug\link.5648-cvtres.write.1.tlog
c:\users\gavin.gaughran.ext\desktop\personal\portfolio\c++\horse\horse\debug\link.5648.read.1.tlog
c:\users\gavin.gaughran.ext\desktop\personal\portfolio\c++\horse\horse\debug\link.5648.write.1.tlog
c:\users\gavin.gaughran.ext\desktop\personal\portfolio\c++\horse\horse\debug\link.command.1.tlog
c:\users\gavin.gaughran.ext\desktop\personal\portfolio\c++\horse\horse\debug\link.read.1.tlog
c:\users\gavin.gaughran.ext\desktop\personal\portfolio\c++\horse\horse\debug\link.write.1.tlog
c:\users\gavin.gaughran.ext\desktop\personal\portfolio\c++\horse\horse\debug\mt.command.1.tlog
c:\users\gavin.gaughran.ext\desktop\personal\portfolio\c++\horse\horse\debug\mt.read.1.tlog
c:\users\gavin.gaughran.ext\desktop\personal\portfolio\c++\horse\horse\debug\mt.write.1.tlog
c:\users\gavin.gaughran.ext\desktop\personal\portfolio\c++\horse\horse\debug\rc.command.1.tlog
c:\users\gavin.gaughran.ext\desktop\personal\portfolio\c++\horse\horse\debug\rc.read.1.tlog
c:\users\gavin.gaughran.ext\desktop\personal\portfolio\c++\horse\horse\debug\rc.write.1.tlog
c:\users\gavin.gaughran.ext\desktop\personal\portfolio\c++\horse\horse\debug\horse.exe.embed.manifest
c:\users\gavin.gaughran.ext\desktop\personal\portfolio\c++\horse\horse\debug\horse.exe.intermediate.manifest
c:\users\gavin.gaughran.ext\desktop\personal\portfolio\c++\horse\horse\debug\horse.exe.embed.manifest.res
c:\users\gavin.gaughran.ext\desktop\personal\portfolio\c++\horse\horse\debug\vc100.idb
c:\users\gavin.gaughran.ext\desktop\personal\portfolio\c++\horse\horse\debug\vc100.pdb
c:\users\gavin.gaughran.ext\desktop\personal\portfolio\c++\horse\horse\debug\horse_manifest.rc
c:\users\gavin.gaughran.ext\desktop\personal\portfolio\c++\horse\debug\horse.pdb
c:\users\gavin.gaughran.ext\desktop\personal\portfolio\c++\horse\horse\debug\horse.tlog\cl.command.1.tlog
c:\users\gavin.gaughran.ext\desktop\personal\portfolio\c++\horse\horse\debug\horse.tlog\cl.read.1.tlog
c:\users\gavin.gaughran.ext\desktop\personal\portfolio\c++\horse\horse\debug\horse.tlog\cl.write.1.tlog
c:\users\gavin.gaughran.ext\desktop\personal\portfolio\c++\horse\horse\debug\horse.tlog\link-cvtres.read.1.tlog
c:\users\gavin.gaughran.ext\desktop\personal\portfolio\c++\horse\horse\debug\horse.tlog\link-cvtres.write.1.tlog
c:\users\gavin.gaughran.ext\desktop\personal\portfolio\c++\horse\horse\debug\horse.tlog\link-rc.read.1.tlog
c:\users\gavin.gaughran.ext\desktop\personal\portfolio\c++\horse\horse\debug\horse.tlog\link-rc.write.1.tlog
c:\users\gavin.gaughran.ext\desktop\personal\portfolio\c++\horse\horse\debug\horse.tlog\link.command.1.tlog
c:\users\gavin.gaughran.ext\desktop\personal\portfolio\c++\horse\horse\debug\horse.tlog\link.read.1.tlog
c:\users\gavin.gaughran.ext\desktop\personal\portfolio\c++\horse\horse\debug\horse.tlog\link.write.1.tlog
